Determining if the pthread_create exist failed with the following output:
Change Dir: /home/emotion1234/catkin_ws/build/CMakeFiles/CMakeTmp

Run Build Command:"/usr/bin/make" "cmTC_7cca3/fast"
/usr/bin/make -f CMakeFiles/cmTC_7cca3.dir/build.make CMakeFiles/cmTC_7cca3.dir/build
make[1]: Entering directory '/home/emotion1234/catkin_ws/build/CMakeFiles/CMakeTmp'
Building C object CMakeFiles/cmTC_7cca3.dir/CheckSymbolExists.c.o
/usr/bin/cc     -o CMakeFiles/cmTC_7cca3.dir/CheckSymbolExists.c.o   -c /home/emotion1234/catkin_ws/build/CMakeFiles/CMakeTmp/CheckSymbolExists.c
Linking C executable cmTC_7cca3
/usr/bin/cmake -E cmake_link_script CMakeFiles/cmTC_7cca3.dir/link.txt --verbose=1
/usr/bin/cc       CMakeFiles/cmTC_7cca3.dir/CheckSymbolExists.c.o  -o cmTC_7cca3 -rdynamic 
CMakeFiles/cmTC_7cca3.dir/CheckSymbolExists.c.o: In function `main':
CheckSymbolExists.c:(.text+0x16): undefined reference to `pthread_create'
collect2: error: ld returned 1 exit status
CMakeFiles/cmTC_7cca3.dir/build.make:97: recipe for target 'cmTC_7cca3' failed
make[1]: *** [cmTC_7cca3] Error 1
make[1]: Leaving directory '/home/emotion1234/catkin_ws/build/CMakeFiles/CMakeTmp'
Makefile:126: recipe for target 'cmTC_7cca3/fast' failed
make: *** [cmTC_7cca3/fast] Error 2

File /home/emotion1234/catkin_ws/build/CMakeFiles/CMakeTmp/CheckSymbolExists.c:
/* */
#include <pthread.h>

int main(int argc, char** argv)
{
  (void)argv;
#ifndef pthread_create
  return ((int*)(&pthread_create))[argc];
#else
  (void)argc;
  return 0;
#endif
}

Determining if the function pthread_create exists in the pthreads failed with the following output:
Change Dir: /home/emotion1234/catkin_ws/build/CMakeFiles/CMakeTmp

Run Build Command:"/usr/bin/make" "cmTC_d58ab/fast"
/usr/bin/make -f CMakeFiles/cmTC_d58ab.dir/build.make CMakeFiles/cmTC_d58ab.dir/build
make[1]: Entering directory '/home/emotion1234/catkin_ws/build/CMakeFiles/CMakeTmp'
Building C object CMakeFiles/cmTC_d58ab.dir/CheckFunctionExists.c.o
/usr/bin/cc    -DCHECK_FUNCTION_EXISTS=pthread_create   -o CMakeFiles/cmTC_d58ab.dir/CheckFunctionExists.c.o   -c /usr/share/cmake-3.5/Modules/CheckFunctionExists.c
Linking C executable cmTC_d58ab
/usr/bin/cmake -E cmake_link_script CMakeFiles/cmTC_d58ab.dir/link.txt --verbose=1
/usr/bin/cc   -DCHECK_FUNCTION_EXISTS=pthread_create    CMakeFiles/cmTC_d58ab.dir/CheckFunctionExists.c.o  -o cmTC_d58ab -rdynamic -lpthreads 
/usr/bin/ld: cannot find -lpthreads
collect2: error: ld returned 1 exit status
CMakeFiles/cmTC_d58ab.dir/build.make:97: recipe for target 'cmTC_d58ab' failed
make[1]: *** [cmTC_d58ab] Error 1
make[1]: Leaving directory '/home/emotion1234/catkin_ws/build/CMakeFiles/CMakeTmp'
Makefile:126: recipe for target 'cmTC_d58ab/fast' failed
make: *** [cmTC_d58ab/fast] Error 2


Determining if the function sgetrf_single exists failed with the following output:
Change Dir: /home/emotion1234/catkin_ws/build/CMakeFiles/CMakeTmp

Run Build Command:"/usr/bin/make" "cmTC_d8505/fast"
make[1]: Entering directory '/home/emotion1234/catkin_ws/build/CMakeFiles/CMakeTmp'
/usr/bin/make -f CMakeFiles/cmTC_d8505.dir/build.make CMakeFiles/cmTC_d8505.dir/build
make[2]: Entering directory '/home/emotion1234/catkin_ws/build/CMakeFiles/CMakeTmp'
Building C object CMakeFiles/cmTC_d8505.dir/CheckFunctionExists.c.o
/usr/bin/cc    -DCHECK_FUNCTION_EXISTS=sgetrf_single   -o CMakeFiles/cmTC_d8505.dir/CheckFunctionExists.c.o   -c /usr/share/cmake-3.5/Modules/CheckFunctionExists.c
Linking C executable cmTC_d8505
/usr/bin/cmake -E cmake_link_script CMakeFiles/cmTC_d8505.dir/link.txt --verbose=1
/usr/bin/cc   -DCHECK_FUNCTION_EXISTS=sgetrf_single    CMakeFiles/cmTC_d8505.dir/CheckFunctionExists.c.o  -o cmTC_d8505 -rdynamic /usr/lib/libcblas.so 
CMakeFiles/cmTC_d8505.dir/CheckFunctionExists.c.o: In function `main':
CheckFunctionExists.c:(.text+0x15): undefined reference to `sgetrf_single'
collect2: error: ld returned 1 exit status
CMakeFiles/cmTC_d8505.dir/build.make:98: recipe for target 'cmTC_d8505' failed
make[2]: *** [cmTC_d8505] Error 1
make[2]: Leaving directory '/home/emotion1234/catkin_ws/build/CMakeFiles/CMakeTmp'
Makefile:126: recipe for target 'cmTC_d8505/fast' failed
make[1]: *** [cmTC_d8505/fast] Error 2
make[1]: Leaving directory '/home/emotion1234/catkin_ws/build/CMakeFiles/CMakeTmp'


